\BOOKMARK [0][-]{chapter.1}{Sample documentation example}{}
\BOOKMARK [0][-]{chapter.2}{Sample Module Index}{}
\BOOKMARK [1][-]{section.2.1}{Sample Modules}{chapter.2}
\BOOKMARK [0][-]{chapter.3}{Sample Data Structure Index}{}
\BOOKMARK [1][-]{section.3.1}{Sample Data Structures}{chapter.3}
\BOOKMARK [0][-]{chapter.4}{Sample File Index}{}
\BOOKMARK [1][-]{section.4.1}{Sample File List}{chapter.4}
\BOOKMARK [0][-]{chapter.5}{Sample Page Index}{}
\BOOKMARK [1][-]{section.5.1}{Sample Related Pages}{chapter.5}
\BOOKMARK [0][-]{chapter.6}{Sample Module Documentation}{}
\BOOKMARK [1][-]{section.6.1}{Stack}{chapter.6}
\BOOKMARK [0][-]{chapter.7}{Sample Data Structure Documentation}{}
\BOOKMARK [1][-]{section.7.1}{stack Struct Reference}{chapter.7}
\BOOKMARK [0][-]{chapter.8}{Sample File Documentation}{}
\BOOKMARK [1][-]{section.8.1}{stack.c File Reference}{chapter.8}
\BOOKMARK [1][-]{section.8.2}{stack.h File Reference}{chapter.8}
\BOOKMARK [0][-]{chapter.9}{Sample Example Documentation}{}
\BOOKMARK [1][-]{section.9.1}{stack\137example.c}{chapter.9}
\BOOKMARK [0][-]{chapter.10}{Sample Page Documentation}{}
\BOOKMARK [1][-]{section.10.1}{Your own documentation}{chapter.10}
\BOOKMARK [1][-]{section.10.2}{Todo List}{chapter.10}
\BOOKMARK [1][-]{section.10.3}{Deprecated List}{chapter.10}
\BOOKMARK [1][-]{section.10.4}{Bug List}{chapter.10}
